<?xml version="1.0" encoding="UTF-8"?>
<!-- Generated by org.testng.reporters.JUnitReportReporter -->
<testsuite hostname="NguyenTrung" failures="0" tests="3" name="TestASM2.Test.TestLogin" time="22.180" errors="0" timestamp="2022-04-12T11:24:05 ICT" skipped="0">
  <testcase classname="TestASM2.Test.TestLogin" name="TC3" time="6.746"/>
  <system-out/>
  <testcase classname="TestASM2.Test.TestLogin" name="TC2" time="7.748"/>
  <system-out/>
  <testcase classname="TestASM2.Test.TestLogin" name="TC1" time="7.686"/>
  <system-out/>
</testsuite> <!-- TestASM2.Test.TestLogin -->
