<?xml version="1.0" encoding="UTF-8"?>
<!-- Generated by org.testng.reporters.JUnitReportReporter -->
<testsuite hostname="NguyenTrung" failures="0" tests="2" name="TestASM2.Test.TestInsert" time="15.177" errors="0" timestamp="2022-04-12T12:06:52 ICT" skipped="0">
  <testcase classname="TestASM2.Test.TestInsert" name="multiInsert" time="6.920"/>
  <system-out/>
  <testcase classname="TestASM2.Test.TestInsert" name="multiInsert" time="8.257"/>
  <system-out/>
</testsuite> <!-- TestASM2.Test.TestInsert -->
